[0.388s] Invoking command in '/root/patrol_robot/src/patrol_control': PYTHONPATH=/root/patrol_robot/build/patrol_control/prefix_override:/usr/lib/python3/dist-packages/colcon_core/task/python/colcon_distutils_commands:/root/patrol_robot/install/patrol_control/lib/python3.10/site-packages:${PYTHONPATH} /usr/bin/python3 -W ignore:setup.py install is deprecated -W ignore:easy_install command is deprecated setup.py egg_info --egg-base ../../build/patrol_control build --build-base /root/patrol_robot/build/patrol_control/build install --record /root/patrol_robot/build/patrol_control/install.log --single-version-externally-managed install_data
[0.528s] running egg_info
[0.528s] writing ../../build/patrol_control/patrol_control.egg-info/PKG-INFO
[0.528s] writing dependency_links to ../../build/patrol_control/patrol_control.egg-info/dependency_links.txt
[0.528s] writing entry points to ../../build/patrol_control/patrol_control.egg-info/entry_points.txt
[0.528s] writing requirements to ../../build/patrol_control/patrol_control.egg-info/requires.txt
[0.528s] writing top-level names to ../../build/patrol_control/patrol_control.egg-info/top_level.txt
[0.529s] reading manifest file '../../build/patrol_control/patrol_control.egg-info/SOURCES.txt'
[0.530s] writing manifest file '../../build/patrol_control/patrol_control.egg-info/SOURCES.txt'
[0.530s] running build
[0.530s] running build_py
[0.530s] running install
[0.530s] running install_lib
[0.531s] running install_data
[0.531s] copying launch/small_warehouse_tb3.launch.py -> /root/patrol_robot/install/patrol_control/share/patrol_control/launch
[0.531s] running install_egg_info
[0.532s] removing '/root/patrol_robot/install/patrol_control/lib/python3.10/site-packages/patrol_control-0.0.0-py3.10.egg-info' (and everything under it)
[0.533s] Copying ../../build/patrol_control/patrol_control.egg-info to /root/patrol_robot/install/patrol_control/lib/python3.10/site-packages/patrol_control-0.0.0-py3.10.egg-info
[0.533s] running install_scripts
[0.547s] writing list of installed files to '/root/patrol_robot/build/patrol_control/install.log'
[0.563s] Invoked command in '/root/patrol_robot/src/patrol_control' returned '0': PYTHONPATH=/root/patrol_robot/build/patrol_control/prefix_override:/usr/lib/python3/dist-packages/colcon_core/task/python/colcon_distutils_commands:/root/patrol_robot/install/patrol_control/lib/python3.10/site-packages:${PYTHONPATH} /usr/bin/python3 -W ignore:setup.py install is deprecated -W ignore:easy_install command is deprecated setup.py egg_info --egg-base ../../build/patrol_control build --build-base /root/patrol_robot/build/patrol_control/build install --record /root/patrol_robot/build/patrol_control/install.log --single-version-externally-managed install_data
