running develop
running egg_info
creating patrol_control.egg-info
writing patrol_control.egg-info/PKG-INFO
writing dependency_links to patrol_control.egg-info/dependency_links.txt
writing entry points to patrol_control.egg-info/entry_points.txt
writing requirements to patrol_control.egg-info/requires.txt
writing top-level names to patrol_control.egg-info/top_level.txt
writing manifest file 'patrol_control.egg-info/SOURCES.txt'
reading manifest file 'patrol_control.egg-info/SOURCES.txt'
writing manifest file 'patrol_control.egg-info/SOURCES.txt'
running build_ext
Creating /root/patrol_robot/install/patrol_control/lib/python3.10/site-packages/patrol-control.egg-link (link to .)

Installed /root/patrol_robot/build/patrol_control
running symlink_data
creating /root/patrol_robot/install/patrol_control/share/ament_index
creating /root/patrol_robot/install/patrol_control/share/ament_index/resource_index
creating /root/patrol_robot/install/patrol_control/share/ament_index/resource_index/packages
symbolically linking /root/patrol_robot/build/patrol_control/resource/patrol_control -> /root/patrol_robot/install/patrol_control/share/ament_index/resource_index/packages
symbolically linking /root/patrol_robot/build/patrol_control/package.xml -> /root/patrol_robot/install/patrol_control/share/patrol_control
creating /root/patrol_robot/install/patrol_control/share/patrol_control/launch
symbolically linking /root/patrol_robot/build/patrol_control/launch/spawn_turtlebot3.launch.py -> /root/patrol_robot/install/patrol_control/share/patrol_control/launch
symbolically linking /root/patrol_robot/build/patrol_control/launch/small_warehouse_tb3.launch.py -> /root/patrol_robot/install/patrol_control/share/patrol_control/launch
symbolically linking /root/patrol_robot/build/patrol_control/launch/tb3_simulation_launch.py -> /root/patrol_robot/install/patrol_control/share/patrol_control/launch
symbolically linking /root/patrol_robot/build/patrol_control/launch/bringup_launch.py -> /root/patrol_robot/install/patrol_control/share/patrol_control/launch
symbolically linking /root/patrol_robot/build/patrol_control/launch/collision_monitor_node.launch.py -> /root/patrol_robot/install/patrol_control/share/patrol_control/launch
creating /root/patrol_robot/install/patrol_control/share/patrol_control/maps
symbolically linking /root/patrol_robot/build/patrol_control/maps/small_warehouse.yaml -> /root/patrol_robot/install/patrol_control/share/patrol_control/maps
symbolically linking /root/patrol_robot/build/patrol_control/maps/small_warehouse.png -> /root/patrol_robot/install/patrol_control/share/patrol_control/maps
creating /root/patrol_robot/install/patrol_control/share/patrol_control/params
symbolically linking /root/patrol_robot/build/patrol_control/params/collision_monitor_params.yaml -> /root/patrol_robot/install/patrol_control/share/patrol_control/params
symbolically linking /root/patrol_robot/build/patrol_control/params/turtlebot3_burger.urdf -> /root/patrol_robot/install/patrol_control/share/patrol_control/params
symbolically linking /root/patrol_robot/build/patrol_control/params/collision_monitor_params_v0.1.yaml -> /root/patrol_robot/install/patrol_control/share/patrol_control/params
symbolically linking /root/patrol_robot/build/patrol_control/params/nav2_params.yaml -> /root/patrol_robot/install/patrol_control/share/patrol_control/params
