[0.399s] Invoking command in '/root/patrol_robot/build/patrol_control': PYTHONPATH=/root/patrol_robot/build/patrol_control/prefix_override:/usr/lib/python3/dist-packages/colcon_core/task/python/colcon_distutils_commands:/root/patrol_robot/install/patrol_control/lib/python3.10/site-packages:${PYTHONPATH} /usr/bin/python3 -W ignore:setup.py install is deprecated -W ignore:easy_install command is deprecated setup.py develop --editable --build-directory /root/patrol_robot/build/patrol_control/build --no-deps symlink_data
[0.559s] running develop
[0.640s] running egg_info
[0.641s] creating patrol_control.egg-info
[0.641s] writing patrol_control.egg-info/PKG-INFO
[0.641s] writing dependency_links to patrol_control.egg-info/dependency_links.txt
[0.641s] writing entry points to patrol_control.egg-info/entry_points.txt
[0.641s] writing requirements to patrol_control.egg-info/requires.txt
[0.641s] writing top-level names to patrol_control.egg-info/top_level.txt
[0.641s] writing manifest file 'patrol_control.egg-info/SOURCES.txt'
[0.642s] reading manifest file 'patrol_control.egg-info/SOURCES.txt'
[0.642s] writing manifest file 'patrol_control.egg-info/SOURCES.txt'
[0.643s] running build_ext
[0.643s] Creating /root/patrol_robot/install/patrol_control/lib/python3.10/site-packages/patrol-control.egg-link (link to .)
[0.644s] 
[0.644s] Installed /root/patrol_robot/build/patrol_control
[0.644s] running symlink_data
[0.644s] creating /root/patrol_robot/install/patrol_control/share/ament_index
[0.644s] creating /root/patrol_robot/install/patrol_control/share/ament_index/resource_index
[0.644s] creating /root/patrol_robot/install/patrol_control/share/ament_index/resource_index/packages
[0.645s] symbolically linking /root/patrol_robot/build/patrol_control/resource/patrol_control -> /root/patrol_robot/install/patrol_control/share/ament_index/resource_index/packages
[0.645s] symbolically linking /root/patrol_robot/build/patrol_control/package.xml -> /root/patrol_robot/install/patrol_control/share/patrol_control
[0.645s] creating /root/patrol_robot/install/patrol_control/share/patrol_control/launch
[0.645s] symbolically linking /root/patrol_robot/build/patrol_control/launch/spawn_turtlebot3.launch.py -> /root/patrol_robot/install/patrol_control/share/patrol_control/launch
[0.645s] symbolically linking /root/patrol_robot/build/patrol_control/launch/small_warehouse_tb3.launch.py -> /root/patrol_robot/install/patrol_control/share/patrol_control/launch
[0.645s] symbolically linking /root/patrol_robot/build/patrol_control/launch/tb3_simulation_launch.py -> /root/patrol_robot/install/patrol_control/share/patrol_control/launch
[0.645s] symbolically linking /root/patrol_robot/build/patrol_control/launch/bringup_launch.py -> /root/patrol_robot/install/patrol_control/share/patrol_control/launch
[0.645s] symbolically linking /root/patrol_robot/build/patrol_control/launch/collision_monitor_node.launch.py -> /root/patrol_robot/install/patrol_control/share/patrol_control/launch
[0.645s] creating /root/patrol_robot/install/patrol_control/share/patrol_control/maps
[0.645s] symbolically linking /root/patrol_robot/build/patrol_control/maps/small_warehouse.yaml -> /root/patrol_robot/install/patrol_control/share/patrol_control/maps
[0.645s] symbolically linking /root/patrol_robot/build/patrol_control/maps/small_warehouse.png -> /root/patrol_robot/install/patrol_control/share/patrol_control/maps
[0.645s] creating /root/patrol_robot/install/patrol_control/share/patrol_control/params
[0.646s] symbolically linking /root/patrol_robot/build/patrol_control/params/collision_monitor_params.yaml -> /root/patrol_robot/install/patrol_control/share/patrol_control/params
[0.646s] symbolically linking /root/patrol_robot/build/patrol_control/params/turtlebot3_burger.urdf -> /root/patrol_robot/install/patrol_control/share/patrol_control/params
[0.646s] symbolically linking /root/patrol_robot/build/patrol_control/params/collision_monitor_params_v0.1.yaml -> /root/patrol_robot/install/patrol_control/share/patrol_control/params
[0.646s] symbolically linking /root/patrol_robot/build/patrol_control/params/nav2_params.yaml -> /root/patrol_robot/install/patrol_control/share/patrol_control/params
[0.662s] Invoked command in '/root/patrol_robot/build/patrol_control' returned '0': PYTHONPATH=/root/patrol_robot/build/patrol_control/prefix_override:/usr/lib/python3/dist-packages/colcon_core/task/python/colcon_distutils_commands:/root/patrol_robot/install/patrol_control/lib/python3.10/site-packages:${PYTHONPATH} /usr/bin/python3 -W ignore:setup.py install is deprecated -W ignore:easy_install command is deprecated setup.py develop --editable --build-directory /root/patrol_robot/build/patrol_control/build --no-deps symlink_data
