running egg_info
creating ../../build/patrol_control/patrol_control.egg-info
writing ../../build/patrol_control/patrol_control.egg-info/PKG-INFO
writing dependency_links to ../../build/patrol_control/patrol_control.egg-info/dependency_links.txt
writing entry points to ../../build/patrol_control/patrol_control.egg-info/entry_points.txt
writing requirements to ../../build/patrol_control/patrol_control.egg-info/requires.txt
writing top-level names to ../../build/patrol_control/patrol_control.egg-info/top_level.txt
writing manifest file '../../build/patrol_control/patrol_control.egg-info/SOURCES.txt'
reading manifest file '../../build/patrol_control/patrol_control.egg-info/SOURCES.txt'
writing manifest file '../../build/patrol_control/patrol_control.egg-info/SOURCES.txt'
running build
running build_py
creating /root/patrol_robot/build/patrol_control/build
creating /root/patrol_robot/build/patrol_control/build/lib
creating /root/patrol_robot/build/patrol_control/build/lib/patrol_control
copying patrol_control/__init__.py -> /root/patrol_robot/build/patrol_control/build/lib/patrol_control
running install
running install_lib
creating /root/patrol_robot/install/patrol_control/lib/python3.10/site-packages/patrol_control
copying /root/patrol_robot/build/patrol_control/build/lib/patrol_control/__init__.py -> /root/patrol_robot/install/patrol_control/lib/python3.10/site-packages/patrol_control
byte-compiling /root/patrol_robot/install/patrol_control/lib/python3.10/site-packages/patrol_control/__init__.py to __init__.cpython-310.pyc
running install_data
creating /root/patrol_robot/install/patrol_control/share/ament_index
creating /root/patrol_robot/install/patrol_control/share/ament_index/resource_index
creating /root/patrol_robot/install/patrol_control/share/ament_index/resource_index/packages
copying resource/patrol_control -> /root/patrol_robot/install/patrol_control/share/ament_index/resource_index/packages
copying package.xml -> /root/patrol_robot/install/patrol_control/share/patrol_control
creating /root/patrol_robot/install/patrol_control/share/patrol_control/launch
copying launch/small_warehouse_tb3.launch.py -> /root/patrol_robot/install/patrol_control/share/patrol_control/launch
running install_egg_info
Copying ../../build/patrol_control/patrol_control.egg-info to /root/patrol_robot/install/patrol_control/lib/python3.10/site-packages/patrol_control-0.0.0-py3.10.egg-info
running install_scripts
writing list of installed files to '/root/patrol_robot/build/patrol_control/install.log'
