[0.461s] Invoking command in '/root/patrol_robot/src/patrol_control': PYTHONPATH=/root/patrol_robot/build/patrol_control/prefix_override:/usr/lib/python3/dist-packages/colcon_core/task/python/colcon_distutils_commands:/root/patrol_robot/install/patrol_control/lib/python3.10/site-packages:${PYTHONPATH} /usr/bin/python3 -W ignore:setup.py install is deprecated -W ignore:easy_install command is deprecated setup.py egg_info --egg-base ../../build/patrol_control build --build-base /root/patrol_robot/build/patrol_control/build install --record /root/patrol_robot/build/patrol_control/install.log --single-version-externally-managed install_data
[0.606s] running egg_info
[0.606s] creating ../../build/patrol_control/patrol_control.egg-info
[0.606s] writing ../../build/patrol_control/patrol_control.egg-info/PKG-INFO
[0.606s] writing dependency_links to ../../build/patrol_control/patrol_control.egg-info/dependency_links.txt
[0.606s] writing entry points to ../../build/patrol_control/patrol_control.egg-info/entry_points.txt
[0.606s] writing requirements to ../../build/patrol_control/patrol_control.egg-info/requires.txt
[0.606s] writing top-level names to ../../build/patrol_control/patrol_control.egg-info/top_level.txt
[0.606s] writing manifest file '../../build/patrol_control/patrol_control.egg-info/SOURCES.txt'
[0.607s] reading manifest file '../../build/patrol_control/patrol_control.egg-info/SOURCES.txt'
[0.608s] writing manifest file '../../build/patrol_control/patrol_control.egg-info/SOURCES.txt'
[0.608s] running build
[0.608s] running build_py
[0.608s] creating /root/patrol_robot/build/patrol_control/build
[0.608s] creating /root/patrol_robot/build/patrol_control/build/lib
[0.608s] creating /root/patrol_robot/build/patrol_control/build/lib/patrol_control
[0.608s] copying patrol_control/__init__.py -> /root/patrol_robot/build/patrol_control/build/lib/patrol_control
[0.608s] running install
[0.608s] running install_lib
[0.609s] creating /root/patrol_robot/install/patrol_control/lib/python3.10/site-packages/patrol_control
[0.609s] copying /root/patrol_robot/build/patrol_control/build/lib/patrol_control/__init__.py -> /root/patrol_robot/install/patrol_control/lib/python3.10/site-packages/patrol_control
[0.609s] byte-compiling /root/patrol_robot/install/patrol_control/lib/python3.10/site-packages/patrol_control/__init__.py to __init__.cpython-310.pyc
[0.609s] running install_data
[0.609s] creating /root/patrol_robot/install/patrol_control/share/ament_index
[0.609s] creating /root/patrol_robot/install/patrol_control/share/ament_index/resource_index
[0.609s] creating /root/patrol_robot/install/patrol_control/share/ament_index/resource_index/packages
[0.609s] copying resource/patrol_control -> /root/patrol_robot/install/patrol_control/share/ament_index/resource_index/packages
[0.609s] copying package.xml -> /root/patrol_robot/install/patrol_control/share/patrol_control
[0.609s] creating /root/patrol_robot/install/patrol_control/share/patrol_control/launch
[0.609s] copying launch/small_warehouse_tb3.launch.py -> /root/patrol_robot/install/patrol_control/share/patrol_control/launch
[0.609s] running install_egg_info
[0.610s] Copying ../../build/patrol_control/patrol_control.egg-info to /root/patrol_robot/install/patrol_control/lib/python3.10/site-packages/patrol_control-0.0.0-py3.10.egg-info
[0.611s] running install_scripts
[0.625s] writing list of installed files to '/root/patrol_robot/build/patrol_control/install.log'
[0.641s] Invoked command in '/root/patrol_robot/src/patrol_control' returned '0': PYTHONPATH=/root/patrol_robot/build/patrol_control/prefix_override:/usr/lib/python3/dist-packages/colcon_core/task/python/colcon_distutils_commands:/root/patrol_robot/install/patrol_control/lib/python3.10/site-packages:${PYTHONPATH} /usr/bin/python3 -W ignore:setup.py install is deprecated -W ignore:easy_install command is deprecated setup.py egg_info --egg-base ../../build/patrol_control build --build-base /root/patrol_robot/build/patrol_control/build install --record /root/patrol_robot/build/patrol_control/install.log --single-version-externally-managed install_data
